==60686== Memcheck, a memory error detector
==60686== Copyright (C) 2002-2017, and GNU GPL'd, by Julian Seward et al.
==60686== Using Valgrind-3.18.1-42b08ed5bd-20211015 and LibVEX; rerun with -h for copyright info
==60686== Command: ./cub3d map.cub
==60686== Parent PID: 58567
==60686== 
--60686-- 
--60686-- Valgrind options:
--60686--    --leak-check=full
--60686--    --show-leak-kinds=all
--60686--    --track-origins=yes
--60686--    --verbose
--60686--    --log-file=valgrind.log
--60686-- Contents of /proc/version:
--60686--   Linux version 6.12.10-76061203-generic (jenkins@warp.pop-os.org) (x86_64-linux-gnu-gcc-12 (Ubuntu 12.3.0-1ubuntu1~22.04) 12.3.0, GNU ld (GNU Binutils for Ubuntu) 2.38) #202412060638~1748542656~22.04~663e4dc SMP PREEMPT_DYNAMIC Thu M
--60686-- 
--60686-- Arch and hwcaps: AMD64, LittleEndian, amd64-cx16-lzcnt-rdtscp-sse3-ssse3-avx-avx2-bmi-f16c-rdrand-rdseed
--60686-- Page sizes: currently 4096, max supported 4096
--60686-- Valgrind library directory: /usr/libexec/valgrind
--60686-- Reading syms from /home/simo161/Documents/cub3d_git/cub3d
--60686-- Reading syms from /usr/lib/x86_64-linux-gnu/ld-linux-x86-64.so.2
--60686--   Considering /usr/lib/debug/.build-id/9c/b53985768bb99f138f48655f7b8bf7e420d13d.debug ..
--60686--   .. build-id is valid
--60686-- Reading syms from /usr/libexec/valgrind/memcheck-amd64-linux
--60686--    object doesn't have a symbol table
--60686--    object doesn't have a dynamic symbol table
--60686-- Scheduler: using generic scheduler lock implementation.
--60686-- Reading suppressions file: /usr/libexec/valgrind/default.supp
==60686== embedded gdbserver: reading from /tmp/vgdb-pipe-from-vgdb-to-60686-by-simo161-on-???
==60686== embedded gdbserver: writing to   /tmp/vgdb-pipe-to-vgdb-from-60686-by-simo161-on-???
==60686== embedded gdbserver: shared mem   /tmp/vgdb-pipe-shared-mem-vgdb-60686-by-simo161-on-???
==60686== 
==60686== TO CONTROL THIS PROCESS USING vgdb (which you probably
==60686== don't want to do, unless you know exactly what you're doing,
==60686== or are doing some strange experiment):
==60686==   /usr/bin/vgdb --pid=60686 ...command...
==60686== 
==60686== TO DEBUG THIS PROCESS USING GDB: start GDB like this
==60686==   /path/to/gdb ./cub3d
==60686== and then give GDB the following command
==60686==   target remote | /usr/bin/vgdb --pid=60686
==60686== --pid is optional if only one valgrind process is running
==60686== 
--60686-- REDIR: 0x402aa40 (ld-linux-x86-64.so.2:strlen) redirected to 0x580bcec2 (???)
--60686-- REDIR: 0x402a810 (ld-linux-x86-64.so.2:index) redirected to 0x580bcedc (???)
--60686-- Reading syms from /usr/libexec/valgrind/vgpreload_core-amd64-linux.so
--60686--    object doesn't have a symbol table
--60686-- Reading syms from /usr/libexec/valgrind/vgpreload_memcheck-amd64-linux.so
--60686--    object doesn't have a symbol table
==60686== WARNING: new redirection conflicts with existing -- ignoring it
--60686--     old: 0x0402aa40 (strlen              ) R-> (0000.0) 0x580bcec2 ???
--60686--     new: 0x0402aa40 (strlen              ) R-> (2007.0) 0x0484ee30 strlen
--60686-- REDIR: 0x4027220 (ld-linux-x86-64.so.2:strcmp) redirected to 0x484fcd0 (strcmp)
--60686-- REDIR: 0x402afa0 (ld-linux-x86-64.so.2:mempcpy) redirected to 0x4853840 (mempcpy)
--60686-- Reading syms from /usr/lib/x86_64-linux-gnu/libXext.so.6.4.0
--60686--    object doesn't have a symbol table
--60686-- Reading syms from /usr/lib/x86_64-linux-gnu/libX11.so.6.4.0
--60686--    object doesn't have a symbol table
--60686-- Reading syms from /usr/lib/x86_64-linux-gnu/libm.so.6
--60686--   Considering /usr/lib/debug/.build-id/a3/ad9bb40b4907e509e4404cb972645c19675ca3.debug ..
--60686--   .. build-id is valid
--60686-- Reading syms from /usr/lib/x86_64-linux-gnu/libc.so.6
--60686--   Considering /usr/lib/debug/.build-id/d5/197096f709801829b118af1b7cf6631efa2dcd.debug ..
--60686--   .. build-id is valid
==60686== WARNING: new redirection conflicts with existing -- ignoring it
--60686--     old: 0x04b50c60 (memalign            ) R-> (1011.0) 0x0484e080 memalign
--60686--     new: 0x04b50c60 (memalign            ) R-> (1017.0) 0x0484e050 aligned_alloc
==60686== WARNING: new redirection conflicts with existing -- ignoring it
--60686--     old: 0x04b50c60 (memalign            ) R-> (1011.0) 0x0484e080 memalign
--60686--     new: 0x04b50c60 (memalign            ) R-> (1017.0) 0x0484e020 aligned_alloc
==60686== WARNING: new redirection conflicts with existing -- ignoring it
--60686--     old: 0x04b50c60 (memalign            ) R-> (1011.0) 0x0484e080 memalign
--60686--     new: 0x04b50c60 (memalign            ) R-> (1017.0) 0x0484e050 aligned_alloc
==60686== WARNING: new redirection conflicts with existing -- ignoring it
--60686--     old: 0x04b50c60 (memalign            ) R-> (1011.0) 0x0484e080 memalign
--60686--     new: 0x04b50c60 (memalign            ) R-> (1017.0) 0x0484e020 aligned_alloc
--60686-- Reading syms from /usr/lib/x86_64-linux-gnu/libxcb.so.1.1.0
--60686--    object doesn't have a symbol table
--60686-- Reading syms from /usr/lib/x86_64-linux-gnu/libXau.so.6.0.0
--60686--    object doesn't have a symbol table
--60686-- Reading syms from /usr/lib/x86_64-linux-gnu/libXdmcp.so.6.0.0
--60686--    object doesn't have a symbol table
--60686-- Reading syms from /usr/lib/x86_64-linux-gnu/libbsd.so.0.11.5
--60686--    object doesn't have a symbol table
--60686-- Reading syms from /usr/lib/x86_64-linux-gnu/libmd.so.0.0.5
--60686--    object doesn't have a symbol table
--60686-- REDIR: 0x4b53720 (libc.so.6:strnlen) redirected to 0x483f220 (_vgnU_ifunc_wrapper)
--60686-- REDIR: 0x4b539e0 (libc.so.6:strpbrk) redirected to 0x483f220 (_vgnU_ifunc_wrapper)
--60686-- REDIR: 0x4b532e0 (libc.so.6:strcmp) redirected to 0x483f220 (_vgnU_ifunc_wrapper)
--60686-- REDIR: 0x4b71cd0 (libc.so.6:wcsnlen) redirected to 0x483f220 (_vgnU_ifunc_wrapper)
--60686-- REDIR: 0x4b546d0 (libc.so.6:memset) redirected to 0x483f220 (_vgnU_ifunc_wrapper)
--60686-- REDIR: 0x4b70540 (libc.so.6:wcslen) redirected to 0x483f220 (_vgnU_ifunc_wrapper)
--60686-- REDIR: 0x4b54c10 (libc.so.6:memcpy@@GLIBC_2.14) redirected to 0x483f220 (_vgnU_ifunc_wrapper)
--60686-- REDIR: 0x4b70370 (libc.so.6:wcschr) redirected to 0x483f220 (_vgnU_ifunc_wrapper)
--60686-- REDIR: 0x4b53260 (libc.so.6:index) redirected to 0x483f220 (_vgnU_ifunc_wrapper)
--60686-- REDIR: 0x4b53960 (libc.so.6:rindex) redirected to 0x483f220 (_vgnU_ifunc_wrapper)
--60686-- REDIR: 0x4b545a0 (libc.so.6:memmove) redirected to 0x483f220 (_vgnU_ifunc_wrapper)
==60686== Preferring higher priority redirection:
--60686--     old: 0x04c4b7c0 (__memcpy_avx_unalign) R-> (2018.0) 0x04850f90 __memcpy_avx_unaligned_erms
--60686--     new: 0x04c4b7c0 (__memcpy_avx_unalign) R-> (2018.1) 0x04852880 memmove
--60686-- REDIR: 0x4b703f0 (libc.so.6:wcscmp) redirected to 0x483f220 (_vgnU_ifunc_wrapper)
--60686-- REDIR: 0x4b549e0 (libc.so.6:stpncpy) redirected to 0x483f220 (_vgnU_ifunc_wrapper)
--60686-- REDIR: 0x4b709b0 (libc.so.6:wmemchr) redirected to 0x483f220 (_vgnU_ifunc_wrapper)
--60686-- REDIR: 0x4b53830 (libc.so.6:strncmp) redirected to 0x483f220 (_vgnU_ifunc_wrapper)
--60686-- REDIR: 0x4b54a70 (libc.so.6:strcasecmp) redirected to 0x483f220 (_vgnU_ifunc_wrapper)
--60686-- REDIR: 0x4b53420 (libc.so.6:strcspn) redirected to 0x483f220 (_vgnU_ifunc_wrapper)
--60686-- REDIR: 0x4b70470 (libc.so.6:wcscpy) redirected to 0x483f220 (_vgnU_ifunc_wrapper)
--60686-- REDIR: 0x4b531d0 (libc.so.6:strcat) redirected to 0x483f220 (_vgnU_ifunc_wrapper)
--60686-- REDIR: 0x4b54b60 (libc.so.6:strncasecmp_l) redirected to 0x483f220 (_vgnU_ifunc_wrapper)
--60686-- REDIR: 0x4b54480 (libc.so.6:bcmp) redirected to 0x483f220 (_vgnU_ifunc_wrapper)
--60686-- REDIR: 0x4b5c570 (libc.so.6:memrchr) redirected to 0x483f220 (_vgnU_ifunc_wrapper)
--60686-- REDIR: 0x4b56010 (libc.so.6:strchrnul) redirected to 0x483f220 (_vgnU_ifunc_wrapper)
--60686-- REDIR: 0x4b53390 (libc.so.6:strcpy) redirected to 0x483f220 (_vgnU_ifunc_wrapper)
--60686-- REDIR: 0x4b54b10 (libc.so.6:strcasecmp_l) redirected to 0x483f220 (_vgnU_ifunc_wrapper)
--60686-- REDIR: 0x4b536a0 (libc.so.6:strlen) redirected to 0x483f220 (_vgnU_ifunc_wrapper)
--60686-- REDIR: 0x4b538d0 (libc.so.6:strncpy) redirected to 0x483f220 (_vgnU_ifunc_wrapper)
--60686-- REDIR: 0x4b54950 (libc.so.6:stpcpy) redirected to 0x483f220 (_vgnU_ifunc_wrapper)
--60686-- REDIR: 0x4b543f0 (libc.so.6:memchr) redirected to 0x483f220 (_vgnU_ifunc_wrapper)
--60686-- REDIR: 0x4b53b00 (libc.so.6:strspn) redirected to 0x483f220 (_vgnU_ifunc_wrapper)
--60686-- REDIR: 0x4b547d0 (libc.so.6:mempcpy) redirected to 0x483f220 (_vgnU_ifunc_wrapper)
--60686-- REDIR: 0x4b54ac0 (libc.so.6:strncasecmp) redirected to 0x483f220 (_vgnU_ifunc_wrapper)
--60686-- REDIR: 0x4b55f80 (libc.so.6:rawmemchr) redirected to 0x483f220 (_vgnU_ifunc_wrapper)
--60686-- REDIR: 0x4c48610 (libc.so.6:__strrchr_avx2) redirected to 0x484e810 (rindex)
--60686-- REDIR: 0x4b500a0 (libc.so.6:malloc) redirected to 0x4848820 (malloc)
--60686-- REDIR: 0x4b503e0 (libc.so.6:free) redirected to 0x484b210 (free)
--60686-- REDIR: 0x4c487e0 (libc.so.6:__strlen_avx2) redirected to 0x484ed10 (strlen)
--60686-- REDIR: 0x4b51520 (libc.so.6:calloc) redirected to 0x484d9d0 (calloc)
==60686== 
==60686== HEAP SUMMARY:
==60686==     in use at exit: 0 bytes in 0 blocks
==60686==   total heap usage: 246 allocs, 246 frees, 2,725 bytes allocated
==60686== 
==60686== All heap blocks were freed -- no leaks are possible
==60686== 
==60686== ERROR SUMMARY: 0 errors from 0 contexts (suppressed: 0 from 0)
